[debug] [2026-05-25T14:40:20.880Z] ----------------------------------------------------------------------
[debug] [2026-05-25T14:40:20.882Z] Command:       C:\Program Files\nodejs\node.exe C:\Users\homelab\AppData\Roaming\npm\node_modules\firebase-tools\lib\bin\firebase.js database:get C:/Program Files/Git/public/resumes --instance persinfo-df93f-default-rtdb
[debug] [2026-05-25T14:40:20.883Z] CLI Version:   15.18.0
[debug] [2026-05-25T14:40:20.883Z] Platform:      win32
[debug] [2026-05-25T14:40:20.883Z] Node Version:  v26.1.0
[debug] [2026-05-25T14:40:20.883Z] Time:          Mon May 25 2026 10:40:20 GMT-0400 (Eastern Daylight Time)
[debug] [2026-05-25T14:40:20.883Z] ----------------------------------------------------------------------
[debug] 
[debug] [2026-05-25T14:40:21.879Z] Checked if tokens are valid: true, expires at: 1779721516615
[debug] [2026-05-25T14:40:21.880Z] Checked if tokens are valid: true, expires at: 1779721516615
[debug] [2026-05-25T14:40:21.881Z] >>> [apiv2][query] GET https://firebasedatabase.googleapis.com/v1beta/projects/null/locations/-/instances/persinfo-df93f-default-rtdb [none]
[debug] [2026-05-25T14:40:22.190Z] <<< [apiv2][status] GET https://firebasedatabase.googleapis.com/v1beta/projects/null/locations/-/instances/persinfo-df93f-default-rtdb 403
[debug] [2026-05-25T14:40:22.190Z] <<< [apiv2][body] GET https://firebasedatabase.googleapis.com/v1beta/projects/null/locations/-/instances/persinfo-df93f-default-rtdb {"error":{"code":403,"message":"Permission 'firebasedatabase.instances.get' denied on resource '//firebasedatabase.googleapis.com/projects/null/locations/-/instances/persinfo-df93f-default-rtdb' (or it may not exist).","status":"PERMISSION_DENIED","details":[{"@type":"type.googleapis.com/google.rpc.ErrorInfo","reason":"IAM_PERMISSION_DENIED","domain":"firebasedatabase.googleapis.com","metadata":{"resource":"projects/null/locations/-/instances/persinfo-df93f-default-rtdb","permission":"firebasedatabase.instances.get"}}]}}
[debug] [2026-05-25T14:40:22.191Z] Request to https://firebasedatabase.googleapis.com/v1beta/projects/null/locations/-/instances/persinfo-df93f-default-rtdb had HTTP Error: 403, Permission 'firebasedatabase.instances.get' denied on resource '//firebasedatabase.googleapis.com/projects/null/locations/-/instances/persinfo-df93f-default-rtdb' (or it may not exist).
[debug] [2026-05-25T14:40:22.194Z] FirebaseError: Request to https://firebasedatabase.googleapis.com/v1beta/projects/null/locations/-/instances/persinfo-df93f-default-rtdb had HTTP Error: 403, Permission 'firebasedatabase.instances.get' denied on resource '//firebasedatabase.googleapis.com/projects/null/locations/-/instances/persinfo-df93f-default-rtdb' (or it may not exist).
    at responseToError (C:\Users\homelab\AppData\Roaming\npm\node_modules\firebase-tools\lib\responseToError.js:53:12)
    at RetryOperation._fn (C:\Users\homelab\AppData\Roaming\npm\node_modules\firebase-tools\lib\apiv2.js:333:77)
    at process.processTicksAndRejections (node:internal/process/task_queues:104:5)
[error] 
[error] Error: Failed to get instance details for instance: persinfo-df93f-default-rtdb. See firebase-debug.log for more details.
